<?xml version="1.0" encoding="UTF-8"?>
<TestRun id="287ed9e3-f57a-4d06-805c-296015b8fa1a" name="Administrator@WIN-20131204HOG 2014-09-18 14:25:04" runUser="WIN-20131204HOG\Administrator" xmlns="http://microsoft.com/schemas/VisualStudio/TeamTest/2010">
  <TestSettings name="本地" id="6aff75bc-993c-40aa-af18-fa6921fa7326">
    <Description>这些设置为本地测试运行的默认测试设置。</Description>
    <Deployment enabled="false" runDeploymentRoot="Administrator_WIN-20131204HOG 2014-09-18 14_25_04">
      <DeploymentItem filename="E:\Payne\ProjectEulerResolves\ProjectEulerResolves\Kang.Algorithm.BaseLib\bin\Debug\Kang.Algorithm.BaseLib.dll" />
    </Deployment>
    <Execution>
      <TestTypeSpecific />
      <AgentRule name="Execution Agents">
      </AgentRule>
    </Execution>
  </TestSettings>
  <Times creation="2014-09-18T14:25:04.0866855+08:00" queuing="2014-09-18T14:25:05.1247449+08:00" start="2014-09-18T14:25:05.1737477+08:00" finish="2014-09-18T14:25:28.1940643+08:00" />
  <ResultSummary outcome="Aborted">
    <Counters total="1" executed="1" error="0" failed="0" timeout="0" aborted="1" inconclusive="0" passedButRunAborted="0" notRunnable="0" notExecuted="0" disconnected="0" warning="0" passed="0" completed="0" inProgress="0" pending="0" />
  </ResultSummary>
  <TestDefinitions>
    <UnitTest name="CheckPrimeTest" storage="e:\payne\projecteulerresolves\projecteulerresolves\test\bin\debug\test.dll" id="0887f7e4-12c3-e948-63f9-37d12c410490">
      <Execution id="94028093-39e9-4b9c-ac90-2edb65f13946" />
      <TestMethod codeBase="E:/Payne/ProjectEulerResolves/ProjectEulerResolves/Test/bin/Debug/Test.DLL" adapterTypeName="Microsoft.VisualStudio.TestTools.TestTypes.Unit.UnitTestAdapter, Microsoft.VisualStudio.QualityTools.Tips.UnitTest.Adapter, Version=10.0.0.0, Culture=neutral, PublicKeyToken=b03f5f7f11d50a3a" className="Test.PrimeGeneratorTest, Test, Version=1.0.0.0, Culture=neutral, PublicKeyToken=null" name="CheckPrimeTest" />
    </UnitTest>
  </TestDefinitions>
  <TestLists>
    <TestList name="列表中未列出的结果" id="8c84fa94-04c1-424b-9868-57a2d4851a1d" />
    <TestList name="所有已加载的结果" id="19431567-8539-422a-85d7-44ee4e166bda" />
  </TestLists>
  <TestEntries>
    <TestEntry testId="0887f7e4-12c3-e948-63f9-37d12c410490" executionId="94028093-39e9-4b9c-ac90-2edb65f13946" testListId="8c84fa94-04c1-424b-9868-57a2d4851a1d" />
  </TestEntries>
  <Results>
    <UnitTestResult executionId="94028093-39e9-4b9c-ac90-2edb65f13946" testId="0887f7e4-12c3-e948-63f9-37d12c410490" testName="CheckPrimeTest" computerName="WIN-20131204HOG" duration="00:00:16.5559469" startTime="2014-09-18T14:25:05.1777479+08:00" endTime="2014-09-18T14:25:21.7336948+08:00" testType="13cdc9d9-ddb5-4fa4-a97d-d965ccfc6d4b" outcome="Aborted" testListId="8c84fa94-04c1-424b-9868-57a2d4851a1d" relativeResultsDirectory="94028093-39e9-4b9c-ac90-2edb65f13946">
      <Output>
        <DebugTrace>3 , 5 , 7 , 9 , 15 , 21 , 45 , </DebugTrace>
        <ErrorInfo>
          <Message>用户中止了测试运行。</Message>
        </ErrorInfo>
      </Output>
    </UnitTestResult>
  </Results>
</TestRun>